<?xml version="1.0" encoding="UTF-8"?>
<!-- Generated by org.testng.reporters.JUnitReportReporter -->
<testsuite hostname="DESKTOP-ER" failures="0" tests="1" name="Test.LaunchAmazon" time="12.347" errors="0" timestamp="2024-12-15T19:59:27 IST" skipped="0">
  <testcase classname="Test.LaunchAmazon" name="LaunchAmazonApp" time="12.347"/>
</testsuite> <!-- Test.LaunchAmazon -->
