<?xml version="1.0" encoding="UTF-8"?>
<!-- Generated by org.testng.reporters.JUnitReportReporter -->
<testsuite hostname="DESKTOP-ER" failures="0" tests="1" name="arraysPractice.WebScreenRecording" time="0.052" errors="0" timestamp="2025-04-04T16:29:15 IST" skipped="0">
  <testcase classname="arraysPractice.WebScreenRecording" name="lanchServer" time="0.052"/>
</testsuite> <!-- arraysPractice.WebScreenRecording -->
