<?xml version="1.0" encoding="UTF-8"?>
<!-- Generated by org.testng.reporters.JUnitReportReporter -->
<testsuite hostname="DESKTOP-ER" failures="0" tests="1" name="Testing.TestInheritence" time="8.258" errors="0" timestamp="2025-04-04T14:33:11 IST" skipped="0">
  <testcase classname="Testing.TestInheritence" name="main" time="8.258"/>
</testsuite> <!-- Testing.TestInheritence -->
